6 bons de travail ont Ă©tĂ© mis Ă  jour en statut 'EN_RETARD' le 2026-01-27 10:45:02.298655+00:00
[2026-03-11] Compteurs en alerte: 1; BonTravail crees: 1
[2026-03-11] Compteurs en alerte: 1; BonTravail crees: 1
[2026-03-12] Compteurs en alerte: 1; BonTravail crees: 1
[2026-03-12] Compteurs en alerte: 1; BonTravail crees: 1
[2026-03-12] Compteurs en alerte: 1; BonTravail crees: 1
[2026-03-12] Compteurs en alerte: 0; BonTravail crees: 0
[2026-03-12] Compteurs en alerte: 0; BonTravail crees: 0
1 bons de travail ont été mis ŕ jour en statut 'EN_RETARD' le 2026-03-12 10:54:51.313494+00:00
[2026-03-12] Compteurs en alerte: 1; BonTravail crees: 1
[2026-03-12] Compteurs en alerte: 1; BonTravail crees: 1
[2026-03-12] Compteurs en alerte: 0; BonTravail crees: 0
[2026-03-12] Compteurs en alerte: 0; BonTravail crees: 0
1 bons de travail ont été mis ŕ jour en statut 'EN_RETARD' le 2026-03-12 10:55:01.453640+00:00
[2026-03-12] Compteurs en alerte: 1; BonTravail crees: 1
[2026-03-12] Compteurs en alerte: 1; BonTravail crees: 1
[2026-03-12] Compteurs en alerte: 0; BonTravail crees: 0
[2026-03-12] Compteurs en alerte: 0; BonTravail crees: 0
1 bons de travail ont été mis ŕ jour en statut 'EN_RETARD' le 2026-03-12 11:06:13.964699+00:00
[2026-03-12] Compteurs en alerte: 1; BonTravail crees: 1
[2026-03-12] Compteurs en alerte: 1; BonTravail crees: 1
[2026-03-12] Compteurs en alerte: 0; BonTravail crees: 0
[2026-03-12] Compteurs en alerte: 0; BonTravail crees: 0
1 bons de travail ont été mis ŕ jour en statut 'EN_RETARD' le 2026-03-12 11:10:43.014367+00:00
[2026-03-18] Compteurs en alerte: 1; BonTravail crees: 1
[2026-03-18] Compteurs en alerte: 1; BonTravail crees: 1
[2026-03-18] Compteurs en alerte: 0; BonTravail crees: 0
[2026-03-18] Compteurs en alerte: 0; BonTravail crees: 0
Aucun utilisateur trouvé pour créer la demande d'intervention.
[2026-03-18] Compteurs en alerte: 0; BonTravail crees: 0
[2026-03-18] Compteurs en alerte: 1; BonTravail crees: 1
1 bons de travail ont été mis ŕ jour en statut 'EN_RETARD' le 2026-03-18 20:23:52.825597+00:00
[2026-03-30] Compteurs en alerte: 1; BonTravail crees: 1
[2026-03-30] Compteurs en alerte: 1; BonTravail crees: 1
[2026-03-30] Compteurs en alerte: 0; BonTravail crees: 0
[2026-03-30] Compteurs en alerte: 0; BonTravail crees: 0
Counter 999 ignoré (valeurCourante nulle)
[2026-03-30] Compteurs en alerte: 0; BonTravail crees: 0
[2026-03-30] Compteurs en alerte: 0; BonTravail crees: 0
Aucun utilisateur trouvé pour créer la demande d'intervention.
[2026-03-30] Compteurs en alerte: 0; BonTravail crees: 0
[2026-03-30] Compteurs en alerte: 1; BonTravail crees: 1
1 bons de travail ont été mis ŕ jour en statut 'EN_RETARD' le 2026-03-30 08:02:36.227651+00:00
[2026-03-30] Compteurs en alerte: 1; BonTravail crees: 1
[2026-03-30] Compteurs en alerte: 1; BonTravail crees: 1
[2026-03-30] Compteurs en alerte: 0; BonTravail crees: 0
[2026-03-30] Compteurs en alerte: 0; BonTravail crees: 0
Counter 999 ignoré (valeurCourante nulle)
[2026-03-30] Compteurs en alerte: 0; BonTravail crees: 0
[2026-03-30] Compteurs en alerte: 0; BonTravail crees: 0
Aucun utilisateur trouvé pour créer la demande d'intervention.
[2026-03-30] Compteurs en alerte: 0; BonTravail crees: 0
[2026-03-30] Compteurs en alerte: 1; BonTravail crees: 1
1 bons de travail ont été mis ŕ jour en statut 'EN_RETARD' le 2026-03-30 08:03:14.629578+00:00
[2026-03-30] Compteurs en alerte: 1; BonTravail crees: 1
[2026-03-30] Compteurs en alerte: 1; BonTravail crees: 1
[2026-03-30] Compteurs en alerte: 0; BonTravail crees: 0
[2026-03-30] Compteurs en alerte: 0; BonTravail crees: 0
Counter 999 ignoré (valeurCourante nulle)
[2026-03-30] Compteurs en alerte: 0; BonTravail crees: 0
[2026-03-30] Compteurs en alerte: 0; BonTravail crees: 0
Aucun utilisateur trouvé pour créer la demande d'intervention.
[2026-03-30] Compteurs en alerte: 0; BonTravail crees: 0
[2026-03-30] Compteurs en alerte: 1; BonTravail crees: 1
1 bons de travail ont été mis ŕ jour en statut 'EN_RETARD' le 2026-03-30 21:02:46.374937+00:00
[2026-03-30] Compteurs en alerte: 1; BonTravail crees: 1
[2026-03-30] Compteurs en alerte: 1; BonTravail crees: 1
[2026-03-30] Compteurs en alerte: 0; BonTravail crees: 0
[2026-03-30] Compteurs en alerte: 0; BonTravail crees: 0
Counter 999 ignoré (valeurCourante nulle)
[2026-03-30] Compteurs en alerte: 0; BonTravail crees: 0
[2026-03-30] Compteurs en alerte: 0; BonTravail crees: 0
Aucun utilisateur trouvé pour créer la demande d'intervention.
[2026-03-30] Compteurs en alerte: 0; BonTravail crees: 0
[2026-03-30] Compteurs en alerte: 1; BonTravail crees: 1
1 bons de travail ont été mis ŕ jour en statut 'EN_RETARD' le 2026-03-30 21:21:33.630119+00:00
[2026-03-30] Compteurs en alerte: 1; BonTravail crees: 1
[2026-03-30] Compteurs en alerte: 1; BonTravail crees: 1
[2026-03-30] Compteurs en alerte: 0; BonTravail crees: 0
[2026-03-30] Compteurs en alerte: 0; BonTravail crees: 0
Counter 999 ignoré (valeurCourante nulle)
[2026-03-30] Compteurs en alerte: 0; BonTravail crees: 0
[2026-03-30] Compteurs en alerte: 0; BonTravail crees: 0
Aucun utilisateur trouvé pour créer la demande d'intervention.
[2026-03-30] Compteurs en alerte: 0; BonTravail crees: 0
[2026-03-30] Compteurs en alerte: 1; BonTravail crees: 1
1 bons de travail ont été mis ŕ jour en statut 'EN_RETARD' le 2026-03-30 21:22:40.305666+00:00
[2026-03-30] Compteurs en alerte: 1; BonTravail crees: 1
[2026-03-30] Compteurs en alerte: 1; BonTravail crees: 1
[2026-03-30] Compteurs en alerte: 0; BonTravail crees: 0
[2026-03-30] Compteurs en alerte: 0; BonTravail crees: 0
Counter 999 ignoré (valeurCourante nulle)
[2026-03-30] Compteurs en alerte: 0; BonTravail crees: 0
[2026-03-30] Compteurs en alerte: 0; BonTravail crees: 0
Aucun utilisateur trouvé pour créer la demande d'intervention.
[2026-03-30] Compteurs en alerte: 0; BonTravail crees: 0
[2026-03-30] Compteurs en alerte: 1; BonTravail crees: 1
1 bons de travail ont été mis ŕ jour en statut 'EN_RETARD' le 2026-03-30 21:29:46.376069+00:00
[2026-03-30] Compteurs en alerte: 1; BonTravail crees: 1
[2026-03-30] Compteurs en alerte: 1; BonTravail crees: 1
[2026-03-30] Compteurs en alerte: 0; BonTravail crees: 0
[2026-03-30] Compteurs en alerte: 0; BonTravail crees: 0
Counter 999 ignoré (valeurCourante nulle)
[2026-03-30] Compteurs en alerte: 0; BonTravail crees: 0
[2026-03-30] Compteurs en alerte: 0; BonTravail crees: 0
Aucun utilisateur trouvé pour créer la demande d'intervention.
[2026-03-30] Compteurs en alerte: 0; BonTravail crees: 0
[2026-03-30] Compteurs en alerte: 1; BonTravail crees: 1
1 bons de travail ont été mis ŕ jour en statut 'EN_RETARD' le 2026-03-30 21:40:52.100448+00:00
[2026-03-30] Compteurs en alerte: 1; BonTravail crees: 1
[2026-03-30] Compteurs en alerte: 1; BonTravail crees: 1
[2026-03-30] Compteurs en alerte: 0; BonTravail crees: 0
[2026-03-30] Compteurs en alerte: 0; BonTravail crees: 0
Counter 999 ignoré (valeurCourante nulle)
[2026-03-30] Compteurs en alerte: 0; BonTravail crees: 0
[2026-03-30] Compteurs en alerte: 0; BonTravail crees: 0
Aucun utilisateur trouvé pour créer la demande d'intervention.
[2026-03-30] Compteurs en alerte: 0; BonTravail crees: 0
[2026-03-30] Compteurs en alerte: 1; BonTravail crees: 1
1 bons de travail ont été mis ŕ jour en statut 'EN_RETARD' le 2026-03-30 21:41:17.845451+00:00
[2026-03-30] Compteurs en alerte: 1; BonTravail crees: 1
[2026-03-30] Compteurs en alerte: 1; BonTravail crees: 1
[2026-03-30] Compteurs en alerte: 0; BonTravail crees: 0
[2026-03-30] Compteurs en alerte: 0; BonTravail crees: 0
Counter 999 ignoré (valeurCourante nulle)
[2026-03-30] Compteurs en alerte: 0; BonTravail crees: 0
[2026-03-30] Compteurs en alerte: 0; BonTravail crees: 0
Aucun utilisateur trouvé pour créer la demande d'intervention.
[2026-03-30] Compteurs en alerte: 0; BonTravail crees: 0
[2026-03-30] Compteurs en alerte: 1; BonTravail crees: 1
1 bons de travail ont été mis ŕ jour en statut 'EN_RETARD' le 2026-03-30 21:54:51.721123+00:00
[2026-03-31] Compteurs en alerte: 1; BonTravail crees: 1
[2026-03-31] Compteurs en alerte: 1; BonTravail crees: 1
[2026-03-31] Compteurs en alerte: 0; BonTravail crees: 0
[2026-03-31] Compteurs en alerte: 0; BonTravail crees: 0
Counter 999 ignoré (valeurCourante nulle)
[2026-03-31] Compteurs en alerte: 0; BonTravail crees: 0
[2026-03-31] Compteurs en alerte: 0; BonTravail crees: 0
Aucun utilisateur trouvé pour créer la demande d'intervention.
[2026-03-31] Compteurs en alerte: 0; BonTravail crees: 0
[2026-03-31] Compteurs en alerte: 1; BonTravail crees: 1
1 bons de travail ont été mis ŕ jour en statut 'EN_RETARD' le 2026-03-30 22:00:02.623508+00:00
[2026-03-31] Compteurs en alerte: 1; BonTravail crees: 1
[2026-03-31] Compteurs en alerte: 1; BonTravail crees: 1
[2026-03-31] Compteurs en alerte: 0; BonTravail crees: 0
[2026-03-31] Compteurs en alerte: 0; BonTravail crees: 0
Counter 999 ignoré (valeurCourante nulle)
[2026-03-31] Compteurs en alerte: 0; BonTravail crees: 0
[2026-03-31] Compteurs en alerte: 0; BonTravail crees: 0
Aucun utilisateur trouvé pour créer la demande d'intervention.
[2026-03-31] Compteurs en alerte: 0; BonTravail crees: 0
[2026-03-31] Compteurs en alerte: 1; BonTravail crees: 1
1 bons de travail ont été mis ŕ jour en statut 'EN_RETARD' le 2026-03-30 22:07:46.304832+00:00
[2026-03-31] Compteurs en alerte: 1; BonTravail crees: 1
[2026-03-31] Compteurs en alerte: 1; BonTravail crees: 1
[2026-03-31] Compteurs en alerte: 0; BonTravail crees: 0
[2026-03-31] Compteurs en alerte: 0; BonTravail crees: 0
Counter 999 ignoré (valeurCourante nulle)
[2026-03-31] Compteurs en alerte: 0; BonTravail crees: 0
[2026-03-31] Compteurs en alerte: 0; BonTravail crees: 0
Aucun utilisateur trouvé pour créer la demande d'intervention.
[2026-03-31] Compteurs en alerte: 0; BonTravail crees: 0
[2026-03-31] Compteurs en alerte: 1; BonTravail crees: 1
1 bons de travail ont été mis ŕ jour en statut 'EN_RETARD' le 2026-03-30 22:19:55.917909+00:00
[2026-03-31] Compteurs en alerte: 1; BonTravail crees: 1
[2026-03-31] Compteurs en alerte: 1; BonTravail crees: 1
[2026-03-31] Compteurs en alerte: 0; BonTravail crees: 0
[2026-03-31] Compteurs en alerte: 0; BonTravail crees: 0
Counter 999 ignoré (valeurCourante nulle)
[2026-03-31] Compteurs en alerte: 0; BonTravail crees: 0
[2026-03-31] Compteurs en alerte: 0; BonTravail crees: 0
Aucun utilisateur trouvé pour créer la demande d'intervention.
[2026-03-31] Compteurs en alerte: 0; BonTravail crees: 0
[2026-03-31] Compteurs en alerte: 1; BonTravail crees: 1
1 bons de travail ont été mis ŕ jour en statut 'EN_RETARD' le 2026-03-30 22:21:42.961991+00:00
[2026-03-31] Compteurs en alerte: 1; BonTravail crees: 1
[2026-03-31] Compteurs en alerte: 1; BonTravail crees: 1
[2026-03-31] Compteurs en alerte: 0; BonTravail crees: 0
[2026-03-31] Compteurs en alerte: 0; BonTravail crees: 0
Counter 999 ignoré (valeurCourante nulle)
[2026-03-31] Compteurs en alerte: 0; BonTravail crees: 0
[2026-03-31] Compteurs en alerte: 0; BonTravail crees: 0
Aucun utilisateur trouvé pour créer la demande d'intervention.
[2026-03-31] Compteurs en alerte: 0; BonTravail crees: 0
[2026-03-31] Compteurs en alerte: 1; BonTravail crees: 1
1 bons de travail ont été mis ŕ jour en statut 'EN_RETARD' le 2026-03-30 22:24:40.050527+00:00
[2026-03-31] Compteurs en alerte: 1; BonTravail crees: 1
[2026-03-31] Compteurs en alerte: 1; BonTravail crees: 1
[2026-03-31] Compteurs en alerte: 0; BonTravail crees: 0
[2026-03-31] Compteurs en alerte: 0; BonTravail crees: 0
Counter 999 ignoré (valeurCourante nulle)
[2026-03-31] Compteurs en alerte: 0; BonTravail crees: 0
[2026-03-31] Compteurs en alerte: 0; BonTravail crees: 0
Aucun utilisateur trouvé pour créer la demande d'intervention.
[2026-03-31] Compteurs en alerte: 0; BonTravail crees: 0
[2026-03-31] Compteurs en alerte: 1; BonTravail crees: 1
1 bons de travail ont été mis ŕ jour en statut 'EN_RETARD' le 2026-03-30 22:25:51.762992+00:00
[2026-03-31] Compteurs en alerte: 1; BonTravail crees: 1
[2026-03-31] Compteurs en alerte: 1; BonTravail crees: 1
[2026-03-31] Compteurs en alerte: 0; BonTravail crees: 0
[2026-03-31] Compteurs en alerte: 0; BonTravail crees: 0
Counter 999 ignoré (valeurCourante nulle)
[2026-03-31] Compteurs en alerte: 0; BonTravail crees: 0
[2026-03-31] Compteurs en alerte: 0; BonTravail crees: 0
Aucun utilisateur trouvé pour créer la demande d'intervention.
[2026-03-31] Compteurs en alerte: 0; BonTravail crees: 0
[2026-03-31] Compteurs en alerte: 1; BonTravail crees: 1
1 bons de travail ont été mis ŕ jour en statut 'EN_RETARD' le 2026-03-30 22:26:07.773887+00:00
[2026-03-31] Compteurs en alerte: 1; BonTravail crees: 1
[2026-03-31] Compteurs en alerte: 1; BonTravail crees: 1
[2026-03-31] Compteurs en alerte: 0; BonTravail crees: 0
[2026-03-31] Compteurs en alerte: 0; BonTravail crees: 0
Counter 999 ignoré (valeurCourante nulle)
[2026-03-31] Compteurs en alerte: 0; BonTravail crees: 0
[2026-03-31] Compteurs en alerte: 0; BonTravail crees: 0
Aucun utilisateur trouvé pour créer la demande d'intervention.
[2026-03-31] Compteurs en alerte: 0; BonTravail crees: 0
[2026-03-31] Compteurs en alerte: 1; BonTravail crees: 1
1 bons de travail ont été mis ŕ jour en statut 'EN_RETARD' le 2026-03-30 22:28:36.499232+00:00
